[03-Jun-2024 19:35:30 UTC] PHP Fatal error:  Uncaught Error: Call to undefined function __() in /Users/delminidhar/Local Sites/laviedesplantes/app/public/wp-admin/network/menu.php:11
Stack trace:
#0 {main}
  thrown in /Users/delminidhar/Local Sites/laviedesplantes/app/public/wp-admin/network/menu.php on line 11
[03-Jun-2024 19:35:30 UTC] PHP Fatal error:  Uncaught Error: Call to undefined function __() in /Users/delminidhar/Local Sites/laviedesplantes/app/public/wp-admin/user/menu.php:10
Stack trace:
#0 {main}
  thrown in /Users/delminidhar/Local Sites/laviedesplantes/app/public/wp-admin/user/menu.php on line 10
[03-Jun-2024 19:36:02 UTC] PHP Warning:  Undefined variable $present in /Users/delminidhar/Local Sites/laviedesplantes/app/public/wp-content/plugins/secupress/free/classes/scanners/class-secupress-scan-salt-keys.php on line 240
[03-Jun-2024 19:36:19 UTC] PHP Fatal error:  Uncaught Error: Call to undefined function __() in /Users/delminidhar/Local Sites/laviedesplantes/app/public/wp-admin/network/menu.php:11
Stack trace:
#0 {main}
  thrown in /Users/delminidhar/Local Sites/laviedesplantes/app/public/wp-admin/network/menu.php on line 11
[03-Jun-2024 19:36:19 UTC] PHP Fatal error:  Uncaught Error: Call to undefined function __() in /Users/delminidhar/Local Sites/laviedesplantes/app/public/wp-admin/user/menu.php:10
Stack trace:
#0 {main}
  thrown in /Users/delminidhar/Local Sites/laviedesplantes/app/public/wp-admin/user/menu.php on line 10
[03-Jun-2024 19:36:20 UTC] PHP Fatal error:  Uncaught Error: Call to undefined function __() in /Users/delminidhar/Local Sites/laviedesplantes/app/public/wp-admin/network/menu.php:11
Stack trace:
#0 {main}
  thrown in /Users/delminidhar/Local Sites/laviedesplantes/app/public/wp-admin/network/menu.php on line 11
[03-Jun-2024 19:36:20 UTC] PHP Fatal error:  Uncaught Error: Call to undefined function __() in /Users/delminidhar/Local Sites/laviedesplantes/app/public/wp-admin/user/menu.php:10
Stack trace:
#0 {main}
  thrown in /Users/delminidhar/Local Sites/laviedesplantes/app/public/wp-admin/user/menu.php on line 10
[03-Jun-2024 19:36:44 UTC] PHP Fatal error:  Uncaught Error: Call to undefined function __() in /Users/delminidhar/Local Sites/laviedesplantes/app/public/wp-admin/network/menu.php:11
Stack trace:
#0 {main}
  thrown in /Users/delminidhar/Local Sites/laviedesplantes/app/public/wp-admin/network/menu.php on line 11
[03-Jun-2024 19:36:44 UTC] PHP Fatal error:  Uncaught Error: Call to undefined function __() in /Users/delminidhar/Local Sites/laviedesplantes/app/public/wp-admin/user/menu.php:10
Stack trace:
#0 {main}
  thrown in /Users/delminidhar/Local Sites/laviedesplantes/app/public/wp-admin/user/menu.php on line 10
[03-Jun-2024 19:36:45 UTC] PHP Fatal error:  Uncaught Error: Call to undefined function __() in /Users/delminidhar/Local Sites/laviedesplantes/app/public/wp-admin/network/menu.php:11
Stack trace:
#0 {main}
  thrown in /Users/delminidhar/Local Sites/laviedesplantes/app/public/wp-admin/network/menu.php on line 11
[03-Jun-2024 19:36:45 UTC] PHP Fatal error:  Uncaught Error: Call to undefined function __() in /Users/delminidhar/Local Sites/laviedesplantes/app/public/wp-admin/user/menu.php:10
Stack trace:
#0 {main}
  thrown in /Users/delminidhar/Local Sites/laviedesplantes/app/public/wp-admin/user/menu.php on line 10
